  Source.cpp
F:\Настя работа\учеба\программирование\28 лаб Последовательные контейнеры библиотеки STL\3\Project1\Project1\Vector.h(62,20): warning C4018: <: несоответствие типов со знаком и без знака
F:\Настя работа\учеба\программирование\28 лаб Последовательные контейнеры библиотеки STL\3\Project1\Project1\Vector.h(61): message : во время компиляции функции-члена класс шаблон "void Vector<Time>::Print(void)"
F:\Настя работа\учеба\программирование\28 лаб Последовательные контейнеры библиотеки STL\3\Project1\Project1\Source.cpp(16): message : выполняется компиляция ссылки на экземпляр шаблон функции "void Vector<Time>::Print(void)"
F:\Настя работа\учеба\программирование\28 лаб Последовательные контейнеры библиотеки STL\3\Project1\Project1\Source.cpp(12): message : выполняется компиляция ссылки на экземпляр класс шаблон функции "Vector<Time>"
F:\Настя работа\учеба\программирование\28 лаб Последовательные контейнеры библиотеки STL\3\Project1\Project1\Vector.h(97,20): warning C4018: <: несоответствие типов со знаком и без знака
F:\Настя работа\учеба\программирование\28 лаб Последовательные контейнеры библиотеки STL\3\Project1\Project1\Vector.h(93): message : во время компиляции функции-члена класс шаблон "T Vector<T>::average(void)"
          with
          [
              T=Time
          ]
F:\Настя работа\учеба\программирование\28 лаб Последовательные контейнеры библиотеки STL\3\Project1\Project1\Source.cpp(18): message : выполняется компиляция ссылки на экземпляр шаблон функции "T Vector<T>::average(void)"
          with
          [
              T=Time
          ]
F:\Настя работа\учеба\программирование\28 лаб Последовательные контейнеры библиотеки STL\3\Project1\Project1\Vector.h(88,20): warning C4018: <: несоответствие типов со знаком и без знака
F:\Настя работа\учеба\программирование\28 лаб Последовательные контейнеры библиотеки STL\3\Project1\Project1\Vector.h(87): message : во время компиляции функции-члена класс шаблон "void Vector<Time>::add_all(T)"
          with
          [
              T=Time
          ]
F:\Настя работа\учеба\программирование\28 лаб Последовательные контейнеры библиотеки STL\3\Project1\Project1\Source.cpp(22): message : выполняется компиляция ссылки на экземпляр шаблон функции "void Vector<Time>::add_all(T)"
          with
          [
              T=Time
          ]
  Time.cpp
  Создание кода...
  Project1.vcxproj -> F:\Настя работа\учеба\программирование\28 лаб Последовательные контейнеры библиотеки STL\3\Project1\Debug\Project1.exe
